Using pre-set license
Built from '2020.3/staging' branch; Version is '2020.3.17f1 (a4537701e4ab) revision 10769271'; Using compiler version '192528614'; Build Type 'Release'
OS: 'Windows 10 Home Single Language; OS build 19042.1348; Version 2009; 64bit' Language: 'en' Physical Memory: 16229 MB
BatchMode: 1, IsHumanControllingUs: 0, StartBugReporterOnCrash: 0, Is64bit: 1, IsPro: 0

COMMAND LINE ARGUMENTS:
D:\unity\2020.3.17f1\Editor\Unity.exe
-adb2
-batchMode
-noUpm
-name
AssetImportWorker0
-projectPath
D:/tugas unity/InfiniteRunner3D
-logFile
Logs/AssetImportWorker0.log
-srvPort
64565
Successfully changed project path to: D:/tugas unity/InfiniteRunner3D
D:/tugas unity/InfiniteRunner3D
Using Asset Import Pipeline V2.
Refreshing native plugins compatible for Editor in 30.21 ms, found 2 plugins.
Preloading 0 native plugins for Editor in 0.00 ms.
Initialize engine version: 2020.3.17f1 (a4537701e4ab)
[Subsystems] Discovering subsystems at path D:/unity/2020.3.17f1/Editor/Data/Resources/UnitySubsystems
[Subsystems] Discovering subsystems at path D:/tugas unity/InfiniteRunner3D/Assets
GfxDevice: creating device client; threaded=0
Direct3D:
    Version:  Direct3D 11.0 [level 11.1]
    Renderer: NVIDIA GeForce GTX 1050 Ti (ID=0x1c8f)
    Vendor:   
    VRAM:     4021 MB
    Driver:   30.0.14.7111
Initialize mono
Mono path[0] = 'D:/unity/2020.3.17f1/Editor/Data/Managed'
Mono path[1] = 'D:/unity/2020.3.17f1/Editor/Data/MonoBleedingEdge/lib/mono/unityjit'
Mono config path = 'D:/unity/2020.3.17f1/Editor/Data/MonoBleedingEdge/etc'
Using monoOptions --debugger-agent=transport=dt_socket,embedding=1,server=y,suspend=n,address=127.0.0.1:56956
Begin MonoManager ReloadAssembly
Registering precompiled unity dll's ...
Register platform support module: D:/unity/2020.3.17f1/Editor/Data/PlaybackEngines/WindowsStandaloneSupport/UnityEditor.WindowsStandalone.Extensions.dll
Registered in 0.001474 seconds.
Native extension for WindowsStandalone target not found
Refreshing native plugins compatible for Editor in 37.05 ms, found 2 plugins.
Preloading 0 native plugins for Editor in 0.00 ms.
Mono: successfully reloaded assembly
- Completed reload, in  2.104 seconds
Domain Reload Profiling:
	ReloadAssembly (2104ms)
		BeginReloadAssembly (65ms)
			ExecutionOrderSort (0ms)
			DisableScriptedObjects (0ms)
			BackupInstance (0ms)
			ReleaseScriptingObjects (0ms)
			CreateAndSetChildDomain (1ms)
		EndReloadAssembly (392ms)
			LoadAssemblies (65ms)
			RebuildTransferFunctionScriptingTraits (0ms)
			SetupTypeCache (133ms)
			ReleaseScriptCaches (0ms)
			RebuildScriptCaches (29ms)
			SetupLoadedEditorAssemblies (167ms)
				LogAssemblyErrors (0ms)
				InitializePlatformSupportModulesInManaged (4ms)
				SetLoadedEditorAssemblies (0ms)
				RefreshPlugins (37ms)
				BeforeProcessingInitializeOnLoad (15ms)
				ProcessInitializeOnLoadAttributes (85ms)
				ProcessInitializeOnLoadMethodAttributes (25ms)
				AfterProcessingInitializeOnLoad (0ms)
				EditorAssembliesLoaded (0ms)
			ExecutionOrderSort2 (0ms)
			AwakeInstancesAfterBackupRestoration (0ms)
Platform modules already initialized, skipping
Registering precompiled user dll's ...
Registered in 0.004205 seconds.
Begin MonoManager ReloadAssembly
Native extension for WindowsStandalone target not found
Refreshing native plugins compatible for Editor in 0.32 ms, found 2 plugins.
Preloading 0 native plugins for Editor in 0.00 ms.
Mono: successfully reloaded assembly
- Completed reload, in  1.058 seconds
Domain Reload Profiling:
	ReloadAssembly (1059ms)
		BeginReloadAssembly (172ms)
			ExecutionOrderSort (0ms)
			DisableScriptedObjects (4ms)
			BackupInstance (0ms)
			ReleaseScriptingObjects (0ms)
			CreateAndSetChildDomain (18ms)
		EndReloadAssembly (835ms)
			LoadAssemblies (109ms)
			RebuildTransferFunctionScriptingTraits (0ms)
			SetupTypeCache (263ms)
			ReleaseScriptCaches (0ms)
			RebuildScriptCaches (45ms)
			SetupLoadedEditorAssemblies (352ms)
				LogAssemblyErrors (0ms)
				InitializePlatformSupportModulesInManaged (5ms)
				SetLoadedEditorAssemblies (0ms)
				RefreshPlugins (0ms)
				BeforeProcessingInitializeOnLoad (46ms)
				ProcessInitializeOnLoadAttributes (293ms)
				ProcessInitializeOnLoadMethodAttributes (4ms)
				AfterProcessingInitializeOnLoad (2ms)
				EditorAssembliesLoaded (0ms)
			ExecutionOrderSort2 (0ms)
			AwakeInstancesAfterBackupRestoration (6ms)
Platform modules already initialized, skipping
========================================================================
Worker process is ready to serve import requests
Launched and connected shader compiler UnityShaderCompiler.exe after 0.14 seconds
Refreshing native plugins compatible for Editor in 0.35 ms, found 2 plugins.
Preloading 0 native plugins for Editor in 0.00 ms.
Unloading 1415 Unused Serialized files (Serialized files now loaded: 0)
System memory in use before: 65.2 MB.
System memory in use after: 65.3 MB.

Unloading 18 unused Assets to reduce memory usage. Loaded Objects now: 1848.
Total: 3.530300 ms (FindLiveObjects: 0.151700 ms CreateObjectMapping: 0.036400 ms MarkObjects: 3.276600 ms  DeleteObjects: 0.062100 ms)

AssetImportParameters requested are different than current active one (requested -> active):
  custom:framework-win-MediaFoundation: 216162199b28c13a410421893ffa2e32 -> 
  custom:video-decoder-ogg-theora: a1e56fd34408186e4bbccfd4996cb3dc -> 
  custom:container-muxer-webm: aa71ff27fc2769a1b78a27578f13a17b -> 
  custom:container-demuxer-webm: 4f35f7cbe854078d1ac9338744f61a02 -> 
  custom:container-demuxer-ogg: 62fdf1f143b41e24485cea50d1cbac27 -> 
  custom:video-encoder-webm-vp8: eb34c28f22e8b96e1ab97ce403110664 -> 
  custom:video-decoder-webm-vp8: 9c59270c3fd7afecdb556c50c9e8de78 -> 
  custom:audio-decoder-ogg-vorbis: bf7c407c2cedff20999df2af8eb42d56 -> 
  custom:audio-encoder-webm-vorbis: bf7c407c2cedff20999df2af8eb42d56 -> 
========================================================================
Received Import Request.
  path: Assets/Scenes
  artifactKey: Guid(5fb20a2963b080b42a57e5bf944ebefb) Importer(815301076,1909f56bfc062723c751e8b465ee728b)
Start importing Assets/Scenes using Guid(5fb20a2963b080b42a57e5bf944ebefb) Importer(815301076,1909f56bfc062723c751e8b465ee728b)  -> (artifact id: '3a82ee430b2e44e5b33b58b00851353a') in 0.019198 seconds 
  Import took 0.021396 seconds .

========================================================================
Received Import Request.
  Time since last request: 0.000257 seconds.
  path: Assets/Models
  artifactKey: Guid(ac00d860e856aae429cac9e5e893fe7b) Importer(815301076,1909f56bfc062723c751e8b465ee728b)
Start importing Assets/Models using Guid(ac00d860e856aae429cac9e5e893fe7b) Importer(815301076,1909f56bfc062723c751e8b465ee728b)  -> (artifact id: '20aa292177ef0afb72c74d7c214903fa') in 0.009002 seconds 
  Import took 0.011342 seconds .

========================================================================
Received Import Request.
  Time since last request: 1.463026 seconds.
  path: Assets/Scenes/straightPathsLevel.unity
  artifactKey: Guid(04c04415dccd44affa142385ff66b497) Importer(815301076,1909f56bfc062723c751e8b465ee728b)
Start importing Assets/Scenes/straightPathsLevel.unity using Guid(04c04415dccd44affa142385ff66b497) Importer(815301076,1909f56bfc062723c751e8b465ee728b)  -> (artifact id: 'ee44704fd2c09b318574d0910270fb90') in 0.019249 seconds 
  Import took 0.021302 seconds .

========================================================================
Received Import Request.
  Time since last request: 0.684898 seconds.
  path: Assets/Scenes/rotatedPathsLevel.unity
  artifactKey: Guid(ee73cf4f3461af2488e33f22fe0e0e3c) Importer(815301076,1909f56bfc062723c751e8b465ee728b)
Start importing Assets/Scenes/rotatedPathsLevel.unity using Guid(ee73cf4f3461af2488e33f22fe0e0e3c) Importer(815301076,1909f56bfc062723c751e8b465ee728b)  -> (artifact id: 'd95ecc6b04e3952d99d8dae2bfb48c80') in 0.017015 seconds 
  Import took 0.021000 seconds .

========================================================================
Received Import Request.
  Time since last request: 1.693528 seconds.
  path: Assets/Scenes/introLevel.unity
  artifactKey: Guid(d9d4a4fbbf204db4e97a95d6320b8523) Importer(815301076,1909f56bfc062723c751e8b465ee728b)
Start importing Assets/Scenes/introLevel.unity using Guid(d9d4a4fbbf204db4e97a95d6320b8523) Importer(815301076,1909f56bfc062723c751e8b465ee728b)  -> (artifact id: '4cccf1dd6e0ffc0af383d2b12ae05327') in 0.007648 seconds 
  Import took 0.009901 seconds .

========================================================================
Received Import Request.
  Time since last request: 112.700459 seconds.
  path: Assets/Scripts/Candy.cs
  artifactKey: Guid(b0527d88f80173340899420936bdc573) Importer(815301076,1909f56bfc062723c751e8b465ee728b)
Start importing Assets/Scripts/Candy.cs using Guid(b0527d88f80173340899420936bdc573) Importer(815301076,1909f56bfc062723c751e8b465ee728b)  -> (artifact id: '60f540c5b048eadcce8049af0f310b6e') in 0.047973 seconds 
  Import took 0.049903 seconds .

========================================================================
Received Import Request.
  Time since last request: 5.224510 seconds.
  path: Assets/Scripts/CharacterRotateMovement.cs
  artifactKey: Guid(d5237c9b2d5fd4b48a6d884e5c6159f2) Importer(815301076,1909f56bfc062723c751e8b465ee728b)
Start importing Assets/Scripts/CharacterRotateMovement.cs using Guid(d5237c9b2d5fd4b48a6d884e5c6159f2) Importer(815301076,1909f56bfc062723c751e8b465ee728b)  -> (artifact id: '1eeb9141909c3a7f13358017592936cc') in 0.006166 seconds 
  Import took 0.008692 seconds .

========================================================================
Received Import Request.
  Time since last request: 0.037088 seconds.
  path: Assets/Scripts/CharacterRotateMovement.cs
  artifactKey: Guid(d5237c9b2d5fd4b48a6d884e5c6159f2) Importer(815301076,1909f56bfc062723c751e8b465ee728b)
Start importing Assets/Scripts/CharacterRotateMovement.cs using Guid(d5237c9b2d5fd4b48a6d884e5c6159f2) Importer(815301076,1909f56bfc062723c751e8b465ee728b)  -> (artifact id: '1eeb9141909c3a7f13358017592936cc') in 0.003068 seconds 
  Import took 0.005684 seconds .

========================================================================
Received Import Request.
  Time since last request: 0.460136 seconds.
  path: Assets/Scripts/CharacterSidewaysMovement.cs
  artifactKey: Guid(2cb220b5624cf47a099f3ae4bef54262) Importer(815301076,1909f56bfc062723c751e8b465ee728b)
Start importing Assets/Scripts/CharacterSidewaysMovement.cs using Guid(2cb220b5624cf47a099f3ae4bef54262) Importer(815301076,1909f56bfc062723c751e8b465ee728b)  -> (artifact id: '522d349a7aede5352330267c7570a4a9') in 0.005859 seconds 
  Import took 0.008143 seconds .

========================================================================
Received Import Request.
  Time since last request: 1.088499 seconds.
  path: Assets/Scripts/Constants.cs
  artifactKey: Guid(1865eabe73fbf4cf098adbb76bb1aa07) Importer(815301076,1909f56bfc062723c751e8b465ee728b)
Start importing Assets/Scripts/Constants.cs using Guid(1865eabe73fbf4cf098adbb76bb1aa07) Importer(815301076,1909f56bfc062723c751e8b465ee728b)  -> (artifact id: '79b790d1fe55756bbeef32e901eb117c') in 0.006787 seconds 
  Import took 0.009244 seconds .

========================================================================
Received Import Request.
  Time since last request: 0.001859 seconds.
  path: Assets/Scripts/Constants.cs
  artifactKey: Guid(1865eabe73fbf4cf098adbb76bb1aa07) Importer(815301076,1909f56bfc062723c751e8b465ee728b)
Start importing Assets/Scripts/Constants.cs using Guid(1865eabe73fbf4cf098adbb76bb1aa07) Importer(815301076,1909f56bfc062723c751e8b465ee728b)  -> (artifact id: '79b790d1fe55756bbeef32e901eb117c') in 0.003069 seconds 
  Import took 0.006467 seconds .

========================================================================
Received Import Request.
  Time since last request: 0.498496 seconds.
  path: Assets/Scripts/GameState.cs
  artifactKey: Guid(bf2cf16919ddd1b42b32a35f660fdbec) Importer(815301076,1909f56bfc062723c751e8b465ee728b)
Start importing Assets/Scripts/GameState.cs using Guid(bf2cf16919ddd1b42b32a35f660fdbec) Importer(815301076,1909f56bfc062723c751e8b465ee728b)  -> (artifact id: '4fa5625ed7aba3fdd7c6c0950c7ce682') in 0.010345 seconds 
  Import took 0.013990 seconds .

========================================================================
Received Import Request.
  Time since last request: 0.003138 seconds.
  path: Assets/Scripts/GameState.cs
  artifactKey: Guid(bf2cf16919ddd1b42b32a35f660fdbec) Importer(815301076,1909f56bfc062723c751e8b465ee728b)
Start importing Assets/Scripts/GameState.cs using Guid(bf2cf16919ddd1b42b32a35f660fdbec) Importer(815301076,1909f56bfc062723c751e8b465ee728b)  -> (artifact id: '4fa5625ed7aba3fdd7c6c0950c7ce682') in 0.003405 seconds 
  Import took 0.006751 seconds .

========================================================================
Received Import Request.
  Time since last request: 3.558381 seconds.
  path: Assets/Scripts/Input
  artifactKey: Guid(72878b5777413da41b03e29ac1995d5c) Importer(815301076,1909f56bfc062723c751e8b465ee728b)
Start importing Assets/Scripts/Input using Guid(72878b5777413da41b03e29ac1995d5c) Importer(815301076,1909f56bfc062723c751e8b465ee728b)  -> (artifact id: 'fd7047a789b2451ebb3d0d9f6c5899ab') in 0.005825 seconds 
  Import took 0.008711 seconds .

========================================================================
Received Import Request.
  Time since last request: 2.173417 seconds.
  path: Assets/Scripts/Input/ArrowKeysDetector.cs
  artifactKey: Guid(1d8fa1ca2a2e98f4998fc3c23a3d6dd6) Importer(815301076,1909f56bfc062723c751e8b465ee728b)
Start importing Assets/Scripts/Input/ArrowKeysDetector.cs using Guid(1d8fa1ca2a2e98f4998fc3c23a3d6dd6) Importer(815301076,1909f56bfc062723c751e8b465ee728b)  -> (artifact id: 'b26a10afe801ed25bd5747af1fb29f44') in 0.007390 seconds 
  Import took 0.010284 seconds .

========================================================================
Received Import Request.
  Time since last request: 0.004279 seconds.
  path: Assets/Scripts/Input/ArrowKeysDetector.cs
  artifactKey: Guid(1d8fa1ca2a2e98f4998fc3c23a3d6dd6) Importer(815301076,1909f56bfc062723c751e8b465ee728b)
Start importing Assets/Scripts/Input/ArrowKeysDetector.cs using Guid(1d8fa1ca2a2e98f4998fc3c23a3d6dd6) Importer(815301076,1909f56bfc062723c751e8b465ee728b)  -> (artifact id: 'b26a10afe801ed25bd5747af1fb29f44') in 0.003224 seconds 
  Import took 0.006227 seconds .

========================================================================
Received Import Request.
  Time since last request: 47.932985 seconds.
  path: Assets/Scripts/Input/IInputDetector.cs
  artifactKey: Guid(f7a55c6cbdaefa147a4d2c2a287ccb8d) Importer(815301076,1909f56bfc062723c751e8b465ee728b)
Start importing Assets/Scripts/Input/IInputDetector.cs using Guid(f7a55c6cbdaefa147a4d2c2a287ccb8d) Importer(815301076,1909f56bfc062723c751e8b465ee728b)  -> (artifact id: 'eb615af957aebd8565562f37411bde82') in 0.007180 seconds 
  Import took 0.010171 seconds .

========================================================================
Received Import Request.
  Time since last request: 0.001638 seconds.
  path: Assets/Scripts/Input/IInputDetector.cs
  artifactKey: Guid(f7a55c6cbdaefa147a4d2c2a287ccb8d) Importer(815301076,1909f56bfc062723c751e8b465ee728b)
Start importing Assets/Scripts/Input/IInputDetector.cs using Guid(f7a55c6cbdaefa147a4d2c2a287ccb8d) Importer(815301076,1909f56bfc062723c751e8b465ee728b)  -> (artifact id: 'eb615af957aebd8565562f37411bde82') in 0.012903 seconds 
  Import took 0.015197 seconds .

========================================================================
Received Import Request.
  Time since last request: 11.532276 seconds.
  path: Assets/Scripts/Input/SwipeDetector.cs
  artifactKey: Guid(24f8ea15c37f73a439cf9d71396af7d1) Importer(815301076,1909f56bfc062723c751e8b465ee728b)
Start importing Assets/Scripts/Input/SwipeDetector.cs using Guid(24f8ea15c37f73a439cf9d71396af7d1) Importer(815301076,1909f56bfc062723c751e8b465ee728b)  -> (artifact id: '79fcf2d81124ef2620f0d9c54105df0d') in 0.010989 seconds 
  Import took 0.014031 seconds .

========================================================================
Received Import Request.
  Time since last request: 0.026689 seconds.
  path: Assets/Scripts/Input/SwipeDetector.cs
  artifactKey: Guid(24f8ea15c37f73a439cf9d71396af7d1) Importer(815301076,1909f56bfc062723c751e8b465ee728b)
Start importing Assets/Scripts/Input/SwipeDetector.cs using Guid(24f8ea15c37f73a439cf9d71396af7d1) Importer(815301076,1909f56bfc062723c751e8b465ee728b)  -> (artifact id: '79fcf2d81124ef2620f0d9c54105df0d') in 0.003619 seconds 
  Import took 0.006043 seconds .

========================================================================
Received Prepare
Registering precompiled user dll's ...
Registered in 0.003543 seconds.
Begin MonoManager ReloadAssembly
Native extension for WindowsStandalone target not found
Refreshing native plugins compatible for Editor in 0.29 ms, found 2 plugins.
Preloading 0 native plugins for Editor in 0.00 ms.
Mono: successfully reloaded assembly
- Completed reload, in  0.887 seconds
Domain Reload Profiling:
	ReloadAssembly (888ms)
		BeginReloadAssembly (110ms)
			ExecutionOrderSort (0ms)
			DisableScriptedObjects (4ms)
			BackupInstance (0ms)
			ReleaseScriptingObjects (0ms)
			CreateAndSetChildDomain (27ms)
		EndReloadAssembly (729ms)
			LoadAssemblies (94ms)
			RebuildTransferFunctionScriptingTraits (0ms)
			SetupTypeCache (233ms)
			ReleaseScriptCaches (1ms)
			RebuildScriptCaches (35ms)
			SetupLoadedEditorAssemblies (305ms)
				LogAssemblyErrors (0ms)
				InitializePlatformSupportModulesInManaged (4ms)
				SetLoadedEditorAssemblies (0ms)
				RefreshPlugins (0ms)
				BeforeProcessingInitializeOnLoad (39ms)
				ProcessInitializeOnLoadAttributes (255ms)
				ProcessInitializeOnLoadMethodAttributes (3ms)
				AfterProcessingInitializeOnLoad (2ms)
				EditorAssembliesLoaded (0ms)
			ExecutionOrderSort2 (0ms)
			AwakeInstancesAfterBackupRestoration (6ms)
Platform modules already initialized, skipping
Refreshing native plugins compatible for Editor in 0.29 ms, found 2 plugins.
Preloading 0 native plugins for Editor in 0.00 ms.
Unloading 1409 Unused Serialized files (Serialized files now loaded: 0)
System memory in use before: 65.1 MB.
System memory in use after: 65.2 MB.

Unloading 13 unused Assets to reduce memory usage. Loaded Objects now: 1850.
Total: 2.762000 ms (FindLiveObjects: 0.136600 ms CreateObjectMapping: 0.033400 ms MarkObjects: 2.577800 ms  DeleteObjects: 0.013500 ms)

AssetImportParameters requested are different than current active one (requested -> active):
  custom:framework-win-MediaFoundation: 216162199b28c13a410421893ffa2e32 -> 
  custom:video-decoder-ogg-theora: a1e56fd34408186e4bbccfd4996cb3dc -> 
  custom:container-muxer-webm: aa71ff27fc2769a1b78a27578f13a17b -> 
  custom:container-demuxer-webm: 4f35f7cbe854078d1ac9338744f61a02 -> 
  custom:container-demuxer-ogg: 62fdf1f143b41e24485cea50d1cbac27 -> 
  custom:video-encoder-webm-vp8: eb34c28f22e8b96e1ab97ce403110664 -> 
  custom:video-decoder-webm-vp8: 9c59270c3fd7afecdb556c50c9e8de78 -> 
  custom:audio-decoder-ogg-vorbis: bf7c407c2cedff20999df2af8eb42d56 -> 
  custom:audio-encoder-webm-vorbis: bf7c407c2cedff20999df2af8eb42d56 -> 
========================================================================
Received Prepare
Registering precompiled user dll's ...
Registered in 0.003427 seconds.
Begin MonoManager ReloadAssembly
Native extension for WindowsStandalone target not found
Refreshing native plugins compatible for Editor in 0.28 ms, found 2 plugins.
Preloading 0 native plugins for Editor in 0.00 ms.
Mono: successfully reloaded assembly
- Completed reload, in  0.881 seconds
Domain Reload Profiling:
	ReloadAssembly (882ms)
		BeginReloadAssembly (105ms)
			ExecutionOrderSort (0ms)
			DisableScriptedObjects (4ms)
			BackupInstance (0ms)
			ReleaseScriptingObjects (0ms)
			CreateAndSetChildDomain (28ms)
		EndReloadAssembly (730ms)
			LoadAssemblies (89ms)
			RebuildTransferFunctionScriptingTraits (0ms)
			SetupTypeCache (215ms)
			ReleaseScriptCaches (1ms)
			RebuildScriptCaches (31ms)
			SetupLoadedEditorAssemblies (334ms)
				LogAssemblyErrors (0ms)
				InitializePlatformSupportModulesInManaged (4ms)
				SetLoadedEditorAssemblies (0ms)
				RefreshPlugins (0ms)
				BeforeProcessingInitializeOnLoad (37ms)
				ProcessInitializeOnLoadAttributes (287ms)
				ProcessInitializeOnLoadMethodAttributes (3ms)
				AfterProcessingInitializeOnLoad (2ms)
				EditorAssembliesLoaded (0ms)
			ExecutionOrderSort2 (0ms)
			AwakeInstancesAfterBackupRestoration (6ms)
Platform modules already initialized, skipping
Refreshing native plugins compatible for Editor in 0.29 ms, found 2 plugins.
Preloading 0 native plugins for Editor in 0.00 ms.
Unloading 1409 Unused Serialized files (Serialized files now loaded: 0)
System memory in use before: 65.1 MB.
System memory in use after: 65.2 MB.

Unloading 13 unused Assets to reduce memory usage. Loaded Objects now: 1852.
Total: 2.341400 ms (FindLiveObjects: 0.113800 ms CreateObjectMapping: 0.035400 ms MarkObjects: 2.178800 ms  DeleteObjects: 0.012800 ms)

AssetImportParameters requested are different than current active one (requested -> active):
  custom:framework-win-MediaFoundation: 216162199b28c13a410421893ffa2e32 -> 
  custom:video-decoder-ogg-theora: a1e56fd34408186e4bbccfd4996cb3dc -> 
  custom:container-muxer-webm: aa71ff27fc2769a1b78a27578f13a17b -> 
  custom:container-demuxer-webm: 4f35f7cbe854078d1ac9338744f61a02 -> 
  custom:container-demuxer-ogg: 62fdf1f143b41e24485cea50d1cbac27 -> 
  custom:video-encoder-webm-vp8: eb34c28f22e8b96e1ab97ce403110664 -> 
  custom:video-decoder-webm-vp8: 9c59270c3fd7afecdb556c50c9e8de78 -> 
  custom:audio-decoder-ogg-vorbis: bf7c407c2cedff20999df2af8eb42d56 -> 
  custom:audio-encoder-webm-vorbis: bf7c407c2cedff20999df2af8eb42d56 -> 
AssetImportWorkerClient::OnTransportError - code=2 error=End of file
